<?xml version="1.0" encoding="UTF-8"?>
<!-- Generated by org.testng.reporters.JUnitXMLReporter -->
<testsuite ignored="0" hostname="DESKTOP-8EHPQI9" failures="0" tests="3" name="ChromeTest" time="43.611" errors="0" timestamp="2022-07-18T15:04:21 IST">
  <testcase classname="zerodhaTest.TestClass" name="testVerifyOrdersLink" time="1.336"/>
  <testcase classname="zerodhaTest.TestClass" name="testVerifyHoldingLink" time="0.618"/>
  <testcase classname="zerodhaTest.TestClass" name="testVerifyPositionLink" time="0.141"/>
</testsuite> <!-- ChromeTest -->
