<?xml version="1.0" encoding="UTF-8"?>
<!-- Generated by org.testng.reporters.JUnitXMLReporter -->
<testsuite ignored="0" hostname="DESKTOP-8EHPQI9" failures="0" tests="3" name="FirefoxTest" time="46.891" errors="0" timestamp="2022-07-28T10:45:44 IST">
  <testcase classname="zerodhaTest.TestClass" name="testVerifyOrdersLink" time="0.321"/>
  <testcase classname="zerodhaTest.TestClass" name="testVerifyHoldingLink" time="0.334"/>
  <testcase classname="zerodhaTest.TestClass" name="testVerifyPositionLink" time="0.272"/>
</testsuite> <!-- FirefoxTest -->
