<?xml version="1.0" encoding="UTF-8"?>
<!-- Generated by org.testng.reporters.JUnitXMLReporter -->
<testsuite ignored="0" hostname="DESKTOP-8EHPQI9" failures="0" tests="3" name="FirefoxTest" time="49.988" errors="0" timestamp="2022-07-18T15:05:11 IST">
  <testcase classname="zerodhaTest.TestClass" name="testVerifyOrdersLink" time="0.316"/>
  <testcase classname="zerodhaTest.TestClass" name="testVerifyHoldingLink" time="0.282"/>
  <testcase classname="zerodhaTest.TestClass" name="testVerifyPositionLink" time="0.269"/>
</testsuite> <!-- FirefoxTest -->
