<?xml version="1.0" encoding="UTF-8"?>
<!-- Generated by org.testng.reporters.JUnitXMLReporter -->
<testsuite ignored="0" hostname="DESKTOP-8EHPQI9" failures="0" tests="3" name="Test" time="50.677" errors="0" timestamp="2022-07-18T10:30:56 IST">
  <testcase classname="zerodhaTest.TestClass" name="testVerifyOrdersLink" time="0.356"/>
  <testcase classname="zerodhaTest.TestClass" name="testVerifyHoldingLink" time="1.347"/>
  <testcase classname="zerodhaTest.TestClass" name="testVerifyPositionLink" time="0.394"/>
</testsuite> <!-- Test -->
