<?xml version="1.0" encoding="UTF-8"?>
<testng-results ignored="0" total="6" passed="4" failed="2" skipped="0">
  <reporter-output>
  </reporter-output>
  <suite started-at="2022-08-07T10:03:05 IST" name="Suite" finished-at="2022-08-07T10:05:33 IST" duration-ms="148091">
    <groups>
    </groups>
    <test started-at="2022-08-07T10:03:05 IST" name="ChromeTest" finished-at="2022-08-07T10:04:01 IST" duration-ms="56326">
      <class name="zerodhaTest.TestClass">
        <test-method is-config="true" signature="launchBrowser(java.lang.String)[pri:0, instance:zerodhaTest.TestClass@50b472aa]" started-at="2022-08-07T10:03:05 IST" name="launchBrowser" finished-at="2022-08-07T10:03:12 IST" duration-ms="7505" status="PASS">
          <params>
            <param index="0">
              <value>
                <![CDATA[Chrome]]>
              </value>
            </param>
          </params>
          <reporter-output>
          </reporter-output>
        </test-method> <!-- launchBrowser -->
        <test-method is-config="true" signature="pomObjects()[pri:0, instance:zerodhaTest.TestClass@50b472aa]" started-at="2022-08-07T10:03:12 IST" name="pomObjects" finished-at="2022-08-07T10:03:12 IST" duration-ms="82" status="PASS">
          <reporter-output>
          </reporter-output>
        </test-method> <!-- pomObjects -->
        <test-method is-config="true" signature="launchLoginPage()[pri:0, instance:zerodhaTest.TestClass@50b472aa]" started-at="2022-08-07T10:03:12 IST" name="launchLoginPage" finished-at="2022-08-07T10:03:25 IST" duration-ms="12804" status="PASS">
          <reporter-output>
          </reporter-output>
        </test-method> <!-- launchLoginPage -->
        <test-method signature="testVerifyOrdersLink()[pri:0, instance:zerodhaTest.TestClass@50b472aa]" started-at="2022-08-07T10:03:25 IST" name="testVerifyOrdersLink" finished-at="2022-08-07T10:03:26 IST" duration-ms="507" status="FAIL">
          <exception class="java.lang.AssertionError">
            <message>
              <![CDATA[null]]>
            </message>
            <full-stacktrace>
              <![CDATA[java.lang.AssertionError: null
at org.testng.Assert.fail(Assert.java:99)
at org.testng.Assert.fail(Assert.java:106)
at zerodhaTest.TestClass.testVerifyOrdersLink(TestClass.java:73)
at java.base/jdk.internal.reflect.DirectMethodHandleAccessor.invoke(DirectMethodHandleAccessor.java:104)
at java.base/java.lang.reflect.Method.invoke(Method.java:577)
at org.testng.internal.MethodInvocationHelper.invokeMethod(MethodInvocationHelper.java:133)
at org.testng.internal.TestInvoker.invokeMethod(TestInvoker.java:598)
at org.testng.internal.TestInvoker.invokeTestMethod(TestInvoker.java:173)
at org.testng.internal.MethodRunner.runInSequence(MethodRunner.java:46)
at org.testng.internal.TestInvoker$MethodInvocationAgent.invoke(TestInvoker.java:824)
at org.testng.internal.TestInvoker.invokeTestMethods(TestInvoker.java:146)
at org.testng.internal.TestMethodWorker.invokeTestMethods(TestMethodWorker.java:146)
at org.testng.internal.TestMethodWorker.run(TestMethodWorker.java:128)
at java.base/java.util.ArrayList.forEach(ArrayList.java:1511)
at org.testng.TestRunner.privateRun(TestRunner.java:794)
at org.testng.TestRunner.run(TestRunner.java:596)
at org.testng.SuiteRunner.runTest(SuiteRunner.java:377)
at org.testng.SuiteRunner.runSequentially(SuiteRunner.java:371)
at org.testng.SuiteRunner.privateRun(SuiteRunner.java:332)
at org.testng.SuiteRunner.run(SuiteRunner.java:276)
at org.testng.SuiteRunnerWorker.runSuite(SuiteRunnerWorker.java:53)
at org.testng.SuiteRunnerWorker.run(SuiteRunnerWorker.java:96)
at org.testng.TestNG.runSuitesSequentially(TestNG.java:1212)
at org.testng.TestNG.runSuitesLocally(TestNG.java:1134)
at org.testng.TestNG.runSuites(TestNG.java:1063)
at org.testng.TestNG.run(TestNG.java:1031)
at org.testng.remote.AbstractRemoteTestNG.run(AbstractRemoteTestNG.java:115)
at org.testng.remote.RemoteTestNG.initAndRun(RemoteTestNG.java:251)
at org.testng.remote.RemoteTestNG.main(RemoteTestNG.java:77)
]]>
            </full-stacktrace>
          </exception> <!-- java.lang.AssertionError -->
          <reporter-output>
          </reporter-output>
        </test-method> <!-- testVerifyOrdersLink -->
        <test-method is-config="true" signature="logoutPage(org.testng.ITestResult)[pri:0, instance:zerodhaTest.TestClass@50b472aa]" started-at="2022-08-07T10:03:26 IST" name="logoutPage" finished-at="2022-08-07T10:03:32 IST" duration-ms="6373" status="PASS">
          <params>
            <param index="0">
              <value>
                <![CDATA[[TestResult name=testVerifyOrdersLink status=FAILURE method=TestClass.testVerifyOrdersLink()[pri:0, instance:zerodhaTest.TestClass@50b472aa] output={null}]]]>
              </value>
            </param>
          </params>
          <reporter-output>
          </reporter-output>
        </test-method> <!-- logoutPage -->
        <test-method is-config="true" signature="launchLoginPage()[pri:0, instance:zerodhaTest.TestClass@50b472aa]" started-at="2022-08-07T10:03:32 IST" name="launchLoginPage" finished-at="2022-08-07T10:03:37 IST" duration-ms="5009" status="PASS">
          <reporter-output>
          </reporter-output>
        </test-method> <!-- launchLoginPage -->
        <test-method signature="testVerifyHoldingLink()[pri:1, instance:zerodhaTest.TestClass@50b472aa]" started-at="2022-08-07T10:03:37 IST" name="testVerifyHoldingLink" finished-at="2022-08-07T10:03:37 IST" duration-ms="439" status="PASS">
          <reporter-output>
          </reporter-output>
        </test-method> <!-- testVerifyHoldingLink -->
        <test-method is-config="true" signature="logoutPage(org.testng.ITestResult)[pri:0, instance:zerodhaTest.TestClass@50b472aa]" started-at="2022-08-07T10:03:37 IST" name="logoutPage" finished-at="2022-08-07T10:03:45 IST" duration-ms="7238" status="PASS">
          <params>
            <param index="0">
              <value>
                <![CDATA[[TestResult name=testVerifyHoldingLink status=SUCCESS method=TestClass.testVerifyHoldingLink()[pri:1, instance:zerodhaTest.TestClass@50b472aa] output={null}]]]>
              </value>
            </param>
          </params>
          <reporter-output>
          </reporter-output>
        </test-method> <!-- logoutPage -->
        <test-method is-config="true" signature="launchLoginPage()[pri:0, instance:zerodhaTest.TestClass@50b472aa]" started-at="2022-08-07T10:03:45 IST" name="launchLoginPage" finished-at="2022-08-07T10:03:50 IST" duration-ms="5222" status="PASS">
          <reporter-output>
          </reporter-output>
        </test-method> <!-- launchLoginPage -->
        <test-method signature="testVerifyPositionLink()[pri:2, instance:zerodhaTest.TestClass@50b472aa]" started-at="2022-08-07T10:03:50 IST" name="testVerifyPositionLink" finished-at="2022-08-07T10:03:51 IST" duration-ms="730" status="PASS">
          <reporter-output>
          </reporter-output>
        </test-method> <!-- testVerifyPositionLink -->
        <test-method is-config="true" signature="logoutPage(org.testng.ITestResult)[pri:0, instance:zerodhaTest.TestClass@50b472aa]" started-at="2022-08-07T10:03:51 IST" name="logoutPage" finished-at="2022-08-07T10:03:58 IST" duration-ms="7865" status="PASS">
          <params>
            <param index="0">
              <value>
                <![CDATA[[TestResult name=testVerifyPositionLink status=SUCCESS method=TestClass.testVerifyPositionLink()[pri:2, instance:zerodhaTest.TestClass@50b472aa] output={null}]]]>
              </value>
            </param>
          </params>
          <reporter-output>
          </reporter-output>
        </test-method> <!-- logoutPage -->
        <test-method is-config="true" signature="closeObjects()[pri:0, instance:zerodhaTest.TestClass@50b472aa]" started-at="2022-08-07T10:03:58 IST" name="closeObjects" finished-at="2022-08-07T10:03:58 IST" duration-ms="1" status="PASS">
          <reporter-output>
          </reporter-output>
        </test-method> <!-- closeObjects -->
        <test-method is-config="true" signature="closeBrowser()[pri:0, instance:zerodhaTest.TestClass@50b472aa]" started-at="2022-08-07T10:03:58 IST" name="closeBrowser" finished-at="2022-08-07T10:04:01 IST" duration-ms="2417" status="PASS">
          <reporter-output>
          </reporter-output>
        </test-method> <!-- closeBrowser -->
      </class> <!-- zerodhaTest.TestClass -->
    </test> <!-- ChromeTest -->
    <test started-at="2022-08-07T10:04:01 IST" name="FirefoxTest" finished-at="2022-08-07T10:05:33 IST" duration-ms="91551">
      <class name="zerodhaTest.TestClass">
        <test-method is-config="true" signature="launchBrowser(java.lang.String)[pri:0, instance:zerodhaTest.TestClass@15ff3e9e]" started-at="2022-08-07T10:04:01 IST" name="launchBrowser" finished-at="2022-08-07T10:04:48 IST" duration-ms="47103" status="PASS">
          <params>
            <param index="0">
              <value>
                <![CDATA[Firefox]]>
              </value>
            </param>
          </params>
          <reporter-output>
          </reporter-output>
        </test-method> <!-- launchBrowser -->
        <test-method is-config="true" signature="pomObjects()[pri:0, instance:zerodhaTest.TestClass@15ff3e9e]" started-at="2022-08-07T10:04:48 IST" name="pomObjects" finished-at="2022-08-07T10:04:48 IST" duration-ms="1" status="PASS">
          <reporter-output>
          </reporter-output>
        </test-method> <!-- pomObjects -->
        <test-method is-config="true" signature="launchLoginPage()[pri:0, instance:zerodhaTest.TestClass@15ff3e9e]" started-at="2022-08-07T10:04:48 IST" name="launchLoginPage" finished-at="2022-08-07T10:04:58 IST" duration-ms="9730" status="PASS">
          <reporter-output>
          </reporter-output>
        </test-method> <!-- launchLoginPage -->
        <test-method signature="testVerifyOrdersLink()[pri:0, instance:zerodhaTest.TestClass@15ff3e9e]" started-at="2022-08-07T10:04:58 IST" name="testVerifyOrdersLink" finished-at="2022-08-07T10:04:58 IST" duration-ms="350" status="FAIL">
          <exception class="java.lang.AssertionError">
            <message>
              <![CDATA[null]]>
            </message>
            <full-stacktrace>
              <![CDATA[java.lang.AssertionError: null
at org.testng.Assert.fail(Assert.java:99)
at org.testng.Assert.fail(Assert.java:106)
at zerodhaTest.TestClass.testVerifyOrdersLink(TestClass.java:73)
at java.base/jdk.internal.reflect.DirectMethodHandleAccessor.invoke(DirectMethodHandleAccessor.java:104)
at java.base/java.lang.reflect.Method.invoke(Method.java:577)
at org.testng.internal.MethodInvocationHelper.invokeMethod(MethodInvocationHelper.java:133)
at org.testng.internal.TestInvoker.invokeMethod(TestInvoker.java:598)
at org.testng.internal.TestInvoker.invokeTestMethod(TestInvoker.java:173)
at org.testng.internal.MethodRunner.runInSequence(MethodRunner.java:46)
at org.testng.internal.TestInvoker$MethodInvocationAgent.invoke(TestInvoker.java:824)
at org.testng.internal.TestInvoker.invokeTestMethods(TestInvoker.java:146)
at org.testng.internal.TestMethodWorker.invokeTestMethods(TestMethodWorker.java:146)
at org.testng.internal.TestMethodWorker.run(TestMethodWorker.java:128)
at java.base/java.util.ArrayList.forEach(ArrayList.java:1511)
at org.testng.TestRunner.privateRun(TestRunner.java:794)
at org.testng.TestRunner.run(TestRunner.java:596)
at org.testng.SuiteRunner.runTest(SuiteRunner.java:377)
at org.testng.SuiteRunner.runSequentially(SuiteRunner.java:371)
at org.testng.SuiteRunner.privateRun(SuiteRunner.java:332)
at org.testng.SuiteRunner.run(SuiteRunner.java:276)
at org.testng.SuiteRunnerWorker.runSuite(SuiteRunnerWorker.java:53)
at org.testng.SuiteRunnerWorker.run(SuiteRunnerWorker.java:96)
at org.testng.TestNG.runSuitesSequentially(TestNG.java:1212)
at org.testng.TestNG.runSuitesLocally(TestNG.java:1134)
at org.testng.TestNG.runSuites(TestNG.java:1063)
at org.testng.TestNG.run(TestNG.java:1031)
at org.testng.remote.AbstractRemoteTestNG.run(AbstractRemoteTestNG.java:115)
at org.testng.remote.RemoteTestNG.initAndRun(RemoteTestNG.java:251)
at org.testng.remote.RemoteTestNG.main(RemoteTestNG.java:77)
]]>
            </full-stacktrace>
          </exception> <!-- java.lang.AssertionError -->
          <reporter-output>
          </reporter-output>
        </test-method> <!-- testVerifyOrdersLink -->
        <test-method is-config="true" signature="logoutPage(org.testng.ITestResult)[pri:0, instance:zerodhaTest.TestClass@15ff3e9e]" started-at="2022-08-07T10:04:58 IST" name="logoutPage" finished-at="2022-08-07T10:05:05 IST" duration-ms="6431" status="PASS">
          <params>
            <param index="0">
              <value>
                <![CDATA[[TestResult name=testVerifyOrdersLink status=FAILURE method=TestClass.testVerifyOrdersLink()[pri:0, instance:zerodhaTest.TestClass@15ff3e9e] output={null}]]]>
              </value>
            </param>
          </params>
          <reporter-output>
          </reporter-output>
        </test-method> <!-- logoutPage -->
        <test-method is-config="true" signature="launchLoginPage()[pri:0, instance:zerodhaTest.TestClass@15ff3e9e]" started-at="2022-08-07T10:05:05 IST" name="launchLoginPage" finished-at="2022-08-07T10:05:11 IST" duration-ms="6215" status="PASS">
          <reporter-output>
          </reporter-output>
        </test-method> <!-- launchLoginPage -->
        <test-method signature="testVerifyHoldingLink()[pri:1, instance:zerodhaTest.TestClass@15ff3e9e]" started-at="2022-08-07T10:05:11 IST" name="testVerifyHoldingLink" finished-at="2022-08-07T10:05:11 IST" duration-ms="343" status="PASS">
          <reporter-output>
          </reporter-output>
        </test-method> <!-- testVerifyHoldingLink -->
        <test-method is-config="true" signature="logoutPage(org.testng.ITestResult)[pri:0, instance:zerodhaTest.TestClass@15ff3e9e]" started-at="2022-08-07T10:05:11 IST" name="logoutPage" finished-at="2022-08-07T10:05:17 IST" duration-ms="6099" status="PASS">
          <params>
            <param index="0">
              <value>
                <![CDATA[[TestResult name=testVerifyHoldingLink status=SUCCESS method=TestClass.testVerifyHoldingLink()[pri:1, instance:zerodhaTest.TestClass@15ff3e9e] output={null}]]]>
              </value>
            </param>
          </params>
          <reporter-output>
          </reporter-output>
        </test-method> <!-- logoutPage -->
        <test-method is-config="true" signature="launchLoginPage()[pri:0, instance:zerodhaTest.TestClass@15ff3e9e]" started-at="2022-08-07T10:05:17 IST" name="launchLoginPage" finished-at="2022-08-07T10:05:24 IST" duration-ms="6148" status="PASS">
          <reporter-output>
          </reporter-output>
        </test-method> <!-- launchLoginPage -->
        <test-method signature="testVerifyPositionLink()[pri:2, instance:zerodhaTest.TestClass@15ff3e9e]" started-at="2022-08-07T10:05:24 IST" name="testVerifyPositionLink" finished-at="2022-08-07T10:05:24 IST" duration-ms="264" status="PASS">
          <reporter-output>
          </reporter-output>
        </test-method> <!-- testVerifyPositionLink -->
        <test-method is-config="true" signature="logoutPage(org.testng.ITestResult)[pri:0, instance:zerodhaTest.TestClass@15ff3e9e]" started-at="2022-08-07T10:05:24 IST" name="logoutPage" finished-at="2022-08-07T10:05:30 IST" duration-ms="6090" status="PASS">
          <params>
            <param index="0">
              <value>
                <![CDATA[[TestResult name=testVerifyPositionLink status=SUCCESS method=TestClass.testVerifyPositionLink()[pri:2, instance:zerodhaTest.TestClass@15ff3e9e] output={null}]]]>
              </value>
            </param>
          </params>
          <reporter-output>
          </reporter-output>
        </test-method> <!-- logoutPage -->
        <test-method is-config="true" signature="closeObjects()[pri:0, instance:zerodhaTest.TestClass@15ff3e9e]" started-at="2022-08-07T10:05:30 IST" name="closeObjects" finished-at="2022-08-07T10:05:30 IST" duration-ms="0" status="PASS">
          <reporter-output>
          </reporter-output>
        </test-method> <!-- closeObjects -->
        <test-method is-config="true" signature="closeBrowser()[pri:0, instance:zerodhaTest.TestClass@15ff3e9e]" started-at="2022-08-07T10:05:30 IST" name="closeBrowser" finished-at="2022-08-07T10:05:33 IST" duration-ms="2760" status="PASS">
          <reporter-output>
          </reporter-output>
        </test-method> <!-- closeBrowser -->
      </class> <!-- zerodhaTest.TestClass -->
    </test> <!-- FirefoxTest -->
  </suite> <!-- Suite -->
</testng-results>
